Removed Pin From Net: NetName=+5 Pin=R?-1
Removed Pin From Net: NetName=+5 Pin=R?-1
Removed Member From Class: ClassName=RemoteShematics Member=LED?
Change Component Comment : Designator=LED? Old Comment=150080GS75000 New Comment=R
Added Component: Designator=LED?(LEDM2012X80N)
Add component (AddParameter): Name = "Arrow Part Number"; Value = ""; VariantName = "[No Variations]"
Add component (AddParameter): Name = "Arrow Price/Stock"; Value = ""; VariantName = "[No Variations]"
Add component (AddParameter): Name = "Datasheet Link"; Value = "https://katalog.we-online.com/led/datasheet/150080GS75000.pdf"; VariantName = "[No Variations]"
Add component (AddParameter): Name = "Height"; Value = "0.8mm"; VariantName = "[No Variations]"
Add component (AddParameter): Name = "Manufacturer_Name"; Value = "Wurth Elektronik"; VariantName = "[No Variations]"
Add component (AddParameter): Name = "Manufacturer_Part_Number"; Value = "150080GS75000"; VariantName = "[No Variations]"
Add component (AddParameter): Name = "Mouser Part Number"; Value = "710-150080GS75000"; VariantName = "[No Variations]"
Add component (AddParameter): Name = "Mouser Price/Stock"; Value = "https://www.mouser.co.uk/ProductDetail/Wurth-Elektronik/150080GS75000?qs=2kOmHSv6VfQRoTEZVk1mGA%3D%3D"; VariantName = "[No Variations]"
Added Pin To Net: NetName=+5 Pin=LED?-2
Added Pin To Net: NetName=+5 Pin=LED?-2
Added Pin To Net: NetName=NetLED?_1 Pin=LED?-1
Added Pin To Net: NetName=NetLED?_1 Pin=R?-1
Added Net: Name=NetLED?_1
Added Member To Class: ClassName=LithiumChargerShematics Member=Component LED? B
Added Member To Class: ClassName=LithiumChargerShematics Member=Component R? 1k
Added Member To Class: ClassName=LithiumChargerShematics Member=Component R? 1k
